<?xml version="1.0" encoding="UTF-8"?>
<!-- Generated by org.testng.reporters.JUnitReportReporter -->
<testsuite hostname="DESKTOP-079LTV2" failures="0" tests="1" name="PreMock2.DemoTestng" time="0.019" errors="0" timestamp="2023-03-02T11:53:06 IST" skipped="0">
  <testcase classname="PreMock2.DemoTestng" name="test" time="0.019"/>
  <system-out>
    <![CDATA[hello]]>
  </system-out>
</testsuite> <!-- PreMock2.DemoTestng -->
