<?xml version="1.0" encoding="UTF-8"?>
<!-- Generated by org.testng.reporters.JUnitReportReporter -->
<testsuite hostname="DESKTOP-079LTV2" failures="0" tests="1" name="com.actitime.TestScripts.ddelete" time="23.007" errors="0" timestamp="2023-03-23T13:14:34 IST" skipped="0">
  <testcase classname="com.actitime.TestScripts.ddelete" name="del" time="23.007"/>
  <system-out/>
</testsuite> <!-- com.actitime.TestScripts.ddelete -->
